<?xml version="1.0" encoding="UTF-8"?>
<!-- Generated by org.testng.reporters.JUnitReportReporter -->
<testsuite hostname="ZyrNI" name="com.example.tests.CopyOfGroupCreationTests" tests="2" failures="0" timestamp="22 Oct 2014 18:30:32 GMT" time="1.641" errors="0">
  <testcase name="testNonEmptyGroupCreation" time="0.766" classname="com.example.tests.CopyOfGroupCreationTests"/>
  <testcase name="testEmptyGroupCreation" time="0.875" classname="com.example.tests.CopyOfGroupCreationTests"/>
</testsuite> <!-- com.example.tests.CopyOfGroupCreationTests -->
