<?xml version="1.0" encoding="UTF-8"?>
<!-- Generated by org.testng.reporters.JUnitReportReporter -->
<testsuite hostname="ZyrNI" name="com.example.tests.UserModificationTests" tests="1" failures="0" timestamp="25 Nov 2014 18:12:10 GMT" time="2.375" errors="0">
  <testcase name="modifySomeUser" time="2.375" classname="com.example.tests.UserModificationTests"/>
</testsuite> <!-- com.example.tests.UserModificationTests -->
