<?xml version="1.0" encoding="UTF-8"?>
<!-- Generated by org.testng.reporters.JUnitReportReporter -->
<testsuite hostname="ZyrNI" name="com.example.tests.GroupModificationTests" tests="5" failures="0" timestamp="21 Nov 2014 16:02:34 GMT" time="5.704" errors="0">
  <testcase name="modifySomeGroup" time="0.860" classname="com.example.tests.GroupModificationTests"/>
  <testcase name="modifySomeGroup" time="0.968" classname="com.example.tests.GroupModificationTests"/>
  <testcase name="modifySomeGroup" time="1.501" classname="com.example.tests.GroupModificationTests"/>
  <testcase name="modifySomeGroup" time="1.437" classname="com.example.tests.GroupModificationTests"/>
  <testcase name="modifySomeGroup" time="0.938" classname="com.example.tests.GroupModificationTests"/>
</testsuite> <!-- com.example.tests.GroupModificationTests -->
