<?xml version="1.0" encoding="UTF-8"?>
<!-- Generated by org.testng.reporters.JUnitReportReporter -->
<testsuite hostname="ZyrNI" name="com.example.tests.GroupCreationTests" tests="2" failures="0" timestamp="22 Oct 2014 18:30:32 GMT" time="3.188" errors="0">
  <testcase name="testEmptyGroupCreation" time="1.110" classname="com.example.tests.GroupCreationTests"/>
  <testcase name="testNonEmptyGroupCreation" time="2.078" classname="com.example.tests.GroupCreationTests"/>
</testsuite> <!-- com.example.tests.GroupCreationTests -->
