<?xml version="1.0" encoding="UTF-8"?>
<!-- Generated by org.testng.reporters.JUnitReportReporter -->
<testsuite hostname="ZyrNI" name="com.example.tests.GroupCreationTests" tests="2" failures="0" timestamp="27 Oct 2014 17:20:16 GMT" time="2.219" errors="0">
  <testcase name="testNonEmptyGroupCreation" time="1.609" classname="com.example.tests.GroupCreationTests"/>
  <testcase name="testEmptyGroupCreation" time="0.610" classname="com.example.tests.GroupCreationTests"/>
</testsuite> <!-- com.example.tests.GroupCreationTests -->
