<?xml version="1.0" encoding="UTF-8"?>
<!-- Generated by org.testng.reporters.JUnitReportReporter -->
<testsuite hostname="ZyrNI" name="com.example.tests.UserAddingTests" tests="1" failures="0" timestamp="20 Nov 2014 19:02:13 GMT" time="1.297" errors="0">
  <testcase name="testUserAddingWithValidData" time="1.297" classname="com.example.tests.UserAddingTests"/>
</testsuite> <!-- com.example.tests.UserAddingTests -->
