<?xml version="1.0" encoding="UTF-8"?>
<!-- Generated by org.testng.reporters.JUnitReportReporter -->
<testsuite hostname="ZyrNI" name="com.example.tests.GroupRemovingTests" tests="1" failures="0" timestamp="21 Nov 2014 16:02:34 GMT" time="0.859" errors="0">
  <testcase name="removeSomeGroup" time="0.859" classname="com.example.tests.GroupRemovingTests"/>
</testsuite> <!-- com.example.tests.GroupRemovingTests -->
