<?xml version="1.0" encoding="UTF-8"?>
<!-- Generated by org.testng.reporters.JUnitReportReporter -->
<testsuite hostname="ZyrNI" name="com.example.tests.UserAddingTests" tests="2" failures="0" timestamp="17 Nov 2014 17:06:09 GMT" time="2.375" errors="0">
  <testcase name="testNonEmptyUserCreation" time="1.250" classname="com.example.tests.UserAddingTests"/>
  <testcase name="testEmptyUserCreation" time="1.125" classname="com.example.tests.UserAddingTests"/>
</testsuite> <!-- com.example.tests.UserAddingTests -->
