<?xml version="1.0" encoding="UTF-8"?>
<!-- Generated by org.testng.reporters.JUnitReportReporter -->
<testsuite hostname="ZyrNI" name="com.example.tests.UserAddingTests" tests="1" failures="0" timestamp="25 Nov 2014 16:11:35 GMT" time="3.109" errors="0">
  <testcase name="testUserAddingWithValidData" time="3.109" classname="com.example.tests.UserAddingTests"/>
</testsuite> <!-- com.example.tests.UserAddingTests -->
