<?xml version="1.0" encoding="UTF-8"?>
<!-- Generated by org.testng.reporters.JUnitReportReporter -->
<testsuite hostname="ZyrNI" name="com.example.tests.UserAdding" tests="1" failures="0" timestamp="23 Oct 2014 15:55:46 GMT" time="5.235" errors="0">
  <testcase name="testNonEmptyUserCreation" time="5.235" classname="com.example.tests.UserAdding"/>
</testsuite> <!-- com.example.tests.UserAdding -->
