<?xml version="1.0" encoding="UTF-8"?>
<!-- Generated by org.testng.reporters.JUnitReportReporter -->
<testsuite hostname="ZyrNI" name="com.example.tests.UserModificationTests" tests="1" failures="0" timestamp="17 Nov 2014 20:20:19 GMT" time="1.094" errors="0">
  <testcase name="modifySomeUser" time="1.094" classname="com.example.tests.UserModificationTests"/>
</testsuite> <!-- com.example.tests.UserModificationTests -->
