<?xml version="1.0" encoding="UTF-8"?>
<!-- Generated by org.testng.reporters.JUnitReportReporter -->
<testsuite hostname="ZyrNI" name="com.example.tests.UserModificationTests" tests="1" failures="0" timestamp="21 Nov 2014 16:02:34 GMT" time="0.906" errors="0">
  <testcase name="modifySomeUser" time="0.906" classname="com.example.tests.UserModificationTests"/>
</testsuite> <!-- com.example.tests.UserModificationTests -->
