<?xml version="1.0" encoding="UTF-8"?>
<!-- Generated by org.testng.reporters.JUnitReportReporter -->
<testsuite hostname="ZyrNI" name="com.example.tests.UserRemovingTests" tests="1" failures="0" timestamp="21 Nov 2014 16:02:34 GMT" time="2.578" errors="0">
  <testcase name="removeSomeUser" time="2.578" classname="com.example.tests.UserRemovingTests"/>
</testsuite> <!-- com.example.tests.UserRemovingTests -->
