<?xml version="1.0" encoding="UTF-8"?>
<!-- Generated by org.testng.reporters.JUnitReportReporter -->
<testsuite hostname="ZyrNI" name="com.example.tests.UserAddingTests" tests="1" failures="0" timestamp="21 Nov 2014 16:02:34 GMT" time="2.032" errors="0">
  <testcase name="testUserAddingWithValidData" time="2.032" classname="com.example.tests.UserAddingTests"/>
</testsuite> <!-- com.example.tests.UserAddingTests -->
