<?xml version="1.0" encoding="UTF-8"?>
<!-- Generated by org.testng.reporters.JUnitReportReporter -->
<testsuite hostname="ZyrNI" name="com.example.tests.GroupModificationTests" tests="1" failures="0" timestamp="17 Nov 2014 19:15:12 GMT" time="1.531" errors="0">
  <testcase name="modifySomeGroup" time="1.531" classname="com.example.tests.GroupModificationTests"/>
</testsuite> <!-- com.example.tests.GroupModificationTests -->
