<?xml version="1.0" encoding="UTF-8"?>
<!-- Generated by org.testng.reporters.JUnitReportReporter -->
<testsuite hostname="ZyrNI" name="com.example.tests.UserRemovingTests" tests="1" failures="0" timestamp="17 Nov 2014 20:20:48 GMT" time="1.015" errors="0">
  <testcase name="removeSomeUser" time="1.015" classname="com.example.tests.UserRemovingTests"/>
</testsuite> <!-- com.example.tests.UserRemovingTests -->
