<?xml version="1.0" encoding="UTF-8"?>
<!-- Generated by org.testng.reporters.JUnitReportReporter -->
<testsuite hostname="ZyrNI" name="com.example.tests.GroupModificationTests" tests="5" failures="0" timestamp="20 Nov 2014 19:02:13 GMT" time="4.828" errors="0">
  <testcase name="modifySomeGroup" time="0.781" classname="com.example.tests.GroupModificationTests"/>
  <testcase name="modifySomeGroup" time="0.781" classname="com.example.tests.GroupModificationTests"/>
  <testcase name="modifySomeGroup" time="0.813" classname="com.example.tests.GroupModificationTests"/>
  <testcase name="modifySomeGroup" time="1.656" classname="com.example.tests.GroupModificationTests"/>
  <testcase name="modifySomeGroup" time="0.797" classname="com.example.tests.GroupModificationTests"/>
</testsuite> <!-- com.example.tests.GroupModificationTests -->
