<?xml version="1.0" encoding="UTF-8"?>
<!-- Generated by org.testng.reporters.JUnitReportReporter -->
<testsuite hostname="ZyrNI" name="com.example.tests.UserAddingTests" tests="2" failures="0" timestamp="13 Nov 2014 20:17:56 GMT" time="2.375" errors="0">
  <testcase name="testNonEmptyUserCreation" time="1.360" classname="com.example.tests.UserAddingTests"/>
  <testcase name="testEmptyUserCreation" time="1.015" classname="com.example.tests.UserAddingTests"/>
</testsuite> <!-- com.example.tests.UserAddingTests -->
