<?xml version="1.0" encoding="UTF-8"?>
<!-- Generated by org.testng.reporters.JUnitReportReporter -->
<testsuite hostname="ZyrNI" name="com.example.tests.UserModificationTests" tests="1" failures="0" timestamp="20 Nov 2014 19:02:13 GMT" time="0.750" errors="0">
  <testcase name="modifySomeUser" time="0.750" classname="com.example.tests.UserModificationTests"/>
</testsuite> <!-- com.example.tests.UserModificationTests -->
