<?xml version="1.0" encoding="UTF-8"?>
<!-- Generated by org.testng.reporters.JUnitReportReporter -->
<testsuite hostname="ZyrNI" name="com.example.tests.UserAddingTests" tests="2" failures="0" timestamp="27 Oct 2014 17:20:16 GMT" time="3.984" errors="0">
  <testcase name="testNonEmptyUserCreation" time="2.140" classname="com.example.tests.UserAddingTests"/>
  <testcase name="testEmptyUserCreation" time="1.844" classname="com.example.tests.UserAddingTests"/>
</testsuite> <!-- com.example.tests.UserAddingTests -->
