<?xml version="1.0" encoding="UTF-8"?>
<!-- Generated by org.testng.reporters.JUnitReportReporter -->
<testsuite hostname="ZyrNI" name="com.example.tests.UserAddingTests" tests="1" failures="0" timestamp="24 Nov 2014 19:56:54 GMT" time="2.547" errors="0">
  <testcase name="testUserAddingWithValidData" time="2.547" classname="com.example.tests.UserAddingTests"/>
</testsuite> <!-- com.example.tests.UserAddingTests -->
